<?xml version="1.0" encoding="UTF-8"?>
<testsuite name="com.rm.app.refrigerator_management_app.RefrigeratorManagementAppApplicationTests" tests="1" skipped="0" failures="0" errors="0" timestamp="2021-04-11T09:36:26" hostname="gim-yeonghan-ui-MacBookAir.local" time="0.003">
  <properties/>
  <testcase name="contextLoads()" classname="com.rm.app.refrigerator_management_app.RefrigeratorManagementAppApplicationTests" time="0.003"/>
  <system-out><![CDATA[2021-04-11 18:36:26.765  INFO 73262 --- [    Test worker] .b.t.c.SpringBootTestContextBootstrapper : Neither @ContextConfiguration nor @ContextHierarchy found for test class [com.rm.app.refrigerator_management_app.RefrigeratorManagementAppApplicationTests], using SpringBootContextLoader
2021-04-11 18:36:26.768  INFO 73262 --- [    Test worker] o.s.t.c.support.AbstractContextLoader    : Could not detect default resource locations for test class [com.rm.app.refrigerator_management_app.RefrigeratorManagementAppApplicationTests]: no resource found for suffixes {-context.xml, Context.groovy}.
2021-04-11 18:36:26.769  INFO 73262 --- [    Test worker] t.c.s.AnnotationConfigContextLoaderUtils : Could not detect default configuration classes for test class [com.rm.app.refrigerator_management_app.RefrigeratorManagementAppApplicationTests]: RefrigeratorManagementAppApplicationTests does not declare any static, non-private, non-final, nested classes annotated with @Configuration.
2021-04-11 18:36:26.783  INFO 73262 --- [    Test worker] .b.t.c.SpringBootTestContextBootstrapper : Found @SpringBootConfiguration com.rm.app.refrigerator_management_app.RefrigeratorManagementAppApplication for test class com.rm.app.refrigerator_management_app.RefrigeratorManagementAppApplicationTests
2021-04-11 18:36:26.790  INFO 73262 --- [    Test worker] .b.t.c.SpringBootTestContextBootstrapper : Loaded default TestExecutionListener class names from location [META-INF/spring.factories]: [org.springframework.boot.test.autoconfigure.restdocs.RestDocsTestExecutionListener, org.springframework.boot.test.autoconfigure.web.client.MockRestServiceServerResetTestExecutionListener, org.springframework.boot.test.autoconfigure.web.servlet.MockMvcPrintOnlyOnFailureTestExecutionListener, org.springframework.boot.test.autoconfigure.web.servlet.WebDriverTestExecutionListener, org.springframework.boot.test.autoconfigure.webservices.client.MockWebServiceServerTestExecutionListener, org.springframework.boot.test.mock.mockito.MockitoTestExecutionListener, org.springframework.boot.test.mock.mockito.ResetMocksTestExecutionListener, org.springframework.test.context.web.ServletTestExecutionListener, org.springframework.test.context.support.DirtiesContextBeforeModesTestExecutionListener, org.springframework.test.context.event.ApplicationEventsTestExecutionListener, org.springframework.test.context.support.DependencyInjectionTestExecutionListener, org.springframework.test.context.support.DirtiesContextTestExecutionListener, org.springframework.test.context.transaction.TransactionalTestExecutionListener, org.springframework.test.context.jdbc.SqlScriptsTestExecutionListener, org.springframework.test.context.event.EventPublishingTestExecutionListener]
2021-04-11 18:36:26.791  INFO 73262 --- [    Test worker] .b.t.c.SpringBootTestContextBootstrapper : Using TestExecutionListeners: [org.springframework.test.context.web.ServletTestExecutionListener@349c54ad, org.springframework.test.context.support.DirtiesContextBeforeModesTestExecutionListener@16126517, org.springframework.test.context.event.ApplicationEventsTestExecutionListener@7126eae8, org.springframework.boot.test.mock.mockito.MockitoTestExecutionListener@c9cdb93, org.springframework.boot.test.autoconfigure.SpringBootDependencyInjectionTestExecutionListener@5af3df91, org.springframework.test.context.support.DirtiesContextTestExecutionListener@5f4c3305, org.springframework.test.context.transaction.TransactionalTestExecutionListener@19fbf3ae, org.springframework.test.context.jdbc.SqlScriptsTestExecutionListener@7351f341, org.springframework.test.context.event.EventPublishingTestExecutionListener@379ab5ed, org.springframework.boot.test.autoconfigure.restdocs.RestDocsTestExecutionListener@9f07c00, org.springframework.boot.test.autoconfigure.web.client.MockRestServiceServerResetTestExecutionListener@4f508813, org.springframework.boot.test.autoconfigure.web.servlet.MockMvcPrintOnlyOnFailureTestExecutionListener@33e7b143, org.springframework.boot.test.autoconfigure.web.servlet.WebDriverTestExecutionListener@51305f0f, org.springframework.boot.test.autoconfigure.webservices.client.MockWebServiceServerTestExecutionListener@5b2a2955, org.springframework.boot.test.mock.mockito.ResetMocksTestExecutionListener@10f13233]
]]></system-out>
  <system-err><![CDATA[]]></system-err>
</testsuite>
